[0314/151044.497:ERROR:http_transport_win.cc(273)] WinHttpSendRequest: The operation completed successfully. (0x0)
[0401/174809.951:ERROR:process_memory_win.cc(73)] ReadMemory at 0x13f380000 of 64 bytes failed: Only part of a ReadProcessMemory or WriteProcessMemory request was completed. (0x12B)
[0401/174810.738:WARNING:pe_image_reader.cc(340)] could not read dos header from C:\Program Files (x86)\Google\Chrome\Application\chrome.exe
[0401/174810.738:ERROR:process_memory_win.cc(73)] ReadMemory at 0x76ce0000 of 64 bytes failed: Only part of a ReadProcessMemory or WriteProcessMemory request was completed. (0x12B)
[0401/174810.738:WARNING:pe_image_reader.cc(340)] could not read dos header from C:\Windows\SYSTEM32\ntdll.dll
[0401/174810.738:ERROR:process_memory_win.cc(73)] ReadMemory at 0x76bc0000 of 64 bytes failed: Only part of a ReadProcessMemory or WriteProcessMemory request was completed. (0x12B)
[0401/174810.738:WARNING:pe_image_reader.cc(340)] could not read dos header from C:\Windows\system32\KERNEL32.dll
[0401/174810.738:ERROR:process_memory_win.cc(73)] ReadMemory at 0x7fefce10000 of 64 bytes failed: Only part of a ReadProcessMemory or WriteProcessMemory request was completed. (0x12B)
[0401/174810.738:WARNING:pe_image_reader.cc(340)] could not read dos header from C:\Windows\system32\KERNELBASE.dll
[0401/174810.738:ERROR:process_memory_win.cc(73)] ReadMemory at 0x7fee3d20000 of 64 bytes failed: Only part of a ReadProcessMemory or WriteProcessMemory request was completed. (0x12B)
[0401/174810.738:WARNING:pe_image_reader.cc(340)] could not read dos header from C:\Program Files (x86)\Google\Chrome\Application\73.0.3683.86\chrome_elf.dll
[0401/174810.738:ERROR:process_memory_win.cc(73)] ReadMemory at 0x7fefbd40000 of 64 bytes failed: Only part of a ReadProcessMemory or WriteProcessMemory request was completed. (0x12B)
[0401/174810.738:WARNING:pe_image_reader.cc(340)] could not read dos header from C:\Windows\system32\VERSION.dll
[0401/174810.738:ERROR:process_memory_win.cc(73)] ReadMemory at 0x7fefd1f0000 of 64 bytes failed: Only part of a ReadProcessMemory or WriteProcessMemory request was completed. (0x12B)
[0401/174810.738:WARNING:pe_image_reader.cc(340)] could not read dos header from C:\Windows\system32\msvcrt.dll
[0401/174810.738:ERROR:process_memory_win.cc(73)] ReadMemory at 0x7fefd830000 of 64 bytes failed: Only part of a ReadProcessMemory or WriteProcessMemory request was completed. (0x12B)
[0401/174810.738:WARNING:pe_image_reader.cc(340)] could not read dos header from C:\Windows\system32\SHELL32.dll
[0401/174810.738:ERROR:process_memory_win.cc(73)] ReadMemory at 0x7fefd290000 of 64 bytes failed: Only part of a ReadProcessMemory or WriteProcessMemory request was completed. (0x12B)
[0401/174810.738:WARNING:pe_image_reader.cc(340)] could not read dos header from C:\Windows\system32\SHLWAPI.dll
[0401/174810.738:ERROR:process_memory_win.cc(73)] ReadMemory at 0x7fefe5c0000 of 64 bytes failed: Only part of a ReadProcessMemory or WriteProcessMemory request was completed. (0x12B)
[0401/174810.738:WARNING:pe_image_reader.cc(340)] could not read dos header from C:\Windows\system32\GDI32.dll
[0401/174810.739:ERROR:process_memory_win.cc(73)] ReadMemory at 0x76ac0000 of 64 bytes failed: Only part of a ReadProcessMemory or WriteProcessMemory request was completed. (0x12B)
[0401/174810.739:WARNING:pe_image_reader.cc(340)] could not read dos header from C:\Windows\system32\USER32.dll
[0401/174810.739:ERROR:process_memory_win.cc(73)] ReadMemory at 0x7fefeeb0000 of 64 bytes failed: Only part of a ReadProcessMemory or WriteProcessMemory request was completed. (0x12B)
[0401/174810.739:WARNING:pe_image_reader.cc(340)] could not read dos header from C:\Windows\system32\LPK.dll
[0401/174810.739:ERROR:process_memory_win.cc(73)] ReadMemory at 0x7fefede0000 of 64 bytes failed: Only part of a ReadProcessMemory or WriteProcessMemory request was completed. (0x12B)
[0401/174810.739:WARNING:pe_image_reader.cc(340)] could not read dos header from C:\Windows\system32\USP10.dll
[0401/174810.739:ERROR:process_memory_win.cc(73)] ReadMemory at 0x7fefe630000 of 64 bytes failed: Only part of a ReadProcessMemory or WriteProcessMemory request was completed. (0x12B)
[0401/174810.739:WARNING:pe_image_reader.cc(340)] could not read dos header from C:\Windows\system32\ADVAPI32.dll
[0401/174810.739:ERROR:process_memory_win.cc(73)] ReadMemory at 0x7fefd810000 of 64 bytes failed: Only part of a ReadProcessMemory or WriteProcessMemory request was completed. (0x12B)
[0401/174810.739:WARNING:pe_image_reader.cc(340)] could not read dos header from C:\Windows\SYSTEM32\sechost.dll
[0401/174810.739:ERROR:process_memory_win.cc(73)] ReadMemory at 0x7fefcff0000 of 64 bytes failed: Only part of a ReadProcessMemory or WriteProcessMemory request was completed. (0x12B)
[0401/174810.739:WARNING:pe_image_reader.cc(340)] could not read dos header from C:\Windows\system32\RPCRT4.dll
[0401/174810.739:ERROR:process_memory_win.cc(73)] ReadMemory at 0x7fef93a0000 of 64 bytes failed: Only part of a ReadProcessMemory or WriteProcessMemory request was completed. (0x12B)
[0401/174810.739:WARNING:pe_image_reader.cc(340)] could not read dos header from C:\Windows\system32\WINMM.dll
[0401/174810.739:ERROR:process_memory_win.cc(73)] ReadMemory at 0x7fefbf30000 of 64 bytes failed: Only part of a ReadProcessMemory or WriteProcessMemory request was completed. (0x12B)
[0401/174810.739:WARNING:pe_image_reader.cc(340)] could not read dos header from C:\Windows\system32\USERENV.dll
[0401/174810.739:ERROR:process_memory_win.cc(73)] ReadMemory at 0x7fefcbe0000 of 64 bytes failed: Only part of a ReadProcessMemory or WriteProcessMemory request was completed. (0x12B)
[0401/174810.739:WARNING:pe_image_reader.cc(340)] could not read dos header from C:\Windows\system32\profapi.dll
[0401/174810.739:ERROR:process_memory_win.cc(73)] ReadMemory at 0x7fef9740000 of 64 bytes failed: Only part of a ReadProcessMemory or WriteProcessMemory request was completed. (0x12B)
[0401/174810.739:WARNING:pe_image_reader.cc(340)] could not read dos header from C:\Windows\system32\api-ms-win-core-synch-l1-2-0.DLL
[0401/174810.739:ERROR:process_memory_win.cc(73)] ReadMemory at 0x7fefd120000 of 64 bytes failed: Only part of a ReadProcessMemory or WriteProcessMemory request was completed. (0x12B)
[0401/174810.739:WARNING:pe_image_reader.cc(340)] could not read dos header from C:\Windows\system32\IMM32.DLL
[0401/174810.739:ERROR:process_memory_win.cc(73)] ReadMemory at 0x7fefeac0000 of 64 bytes failed: Only part of a ReadProcessMemory or WriteProcessMemory request was completed. (0x12B)
[0401/174810.739:WARNING:pe_image_reader.cc(340)] could not read dos header from C:\Windows\system32\MSCTF.dll
[0401/174810.739:ERROR:process_memory_win.cc(73)] ReadMemory at 0x7fed2170000 of 64 bytes failed: Only part of a ReadProcessMemory or WriteProcessMemory request was completed. (0x12B)
[0401/174810.739:WARNING:pe_image_reader.cc(340)] could not read dos header from C:\Program Files (x86)\Google\Chrome\Application\73.0.3683.86\chrome_child.dll
[0401/174810.739:ERROR:process_memory_win.cc(73)] ReadMemory at 0x7fefeec0000 of 64 bytes failed: Only part of a ReadProcessMemory or WriteProcessMemory request was completed. (0x12B)
[0401/174810.739:WARNING:pe_image_reader.cc(340)] could not read dos header from C:\Windows\system32\WS2_32.dll
[0401/174810.739:ERROR:process_memory_win.cc(73)] ReadMemory at 0x7fefd540000 of 64 bytes failed: Only part of a ReadProcessMemory or WriteProcessMemory request was completed. (0x12B)
[0401/174810.739:WARNING:pe_image_reader.cc(340)] could not read dos header from C:\Windows\system32\NSI.dll
[0401/174810.739:ERROR:process_memory_win.cc(73)] ReadMemory at 0x7fef8df0000 of 64 bytes failed: Only part of a ReadProcessMemory or WriteProcessMemory request was completed. (0x12B)
[0401/174810.739:WARNING:pe_image_reader.cc(340)] could not read dos header from C:\Windows\system32\IPHLPAPI.DLL
[0401/174810.739:ERROR:process_memory_win.cc(73)] ReadMemory at 0x7fef8d80000 of 64 bytes failed: Only part of a ReadProcessMemory or WriteProcessMemory request was completed. (0x12B)
[0401/174810.739:WARNING:pe_image_reader.cc(340)] could not read dos header from C:\Windows\system32\WINNSI.DLL
[0401/174810.739:ERROR:process_memory_win.cc(73)] ReadMemory at 0x7fefebd0000 of 64 bytes failed: Only part of a ReadProcessMemory or WriteProcessMemory request was completed. (0x12B)
[0401/174810.739:WARNING:pe_image_reader.cc(340)] could not read dos header from C:\Windows\system32\ole32.dll
[0401/174810.739:ERROR:process_memory_win.cc(73)] ReadMemory at 0x7fefef10000 of 64 bytes failed: Only part of a ReadProcessMemory or WriteProcessMemory request was completed. (0x12B)
[0401/174810.739:WARNING:pe_image_reader.cc(340)] could not read dos header from C:\Windows\system32\OLEAUT32.dll
[0401/174810.739:ERROR:process_memory_win.cc(73)] ReadMemory at 0x7feea150000 of 64 bytes failed: Only part of a ReadProcessMemory or WriteProcessMemory request was completed. (0x12B)
[0401/174810.739:WARNING:pe_image_reader.cc(340)] could not read dos header from C:\Windows\system32\OLEACC.dll
[0401/174810.739:ERROR:process_memory_win.cc(73)] ReadMemory at 0x7fefcdd0000 of 64 bytes failed: Only part of a ReadProcessMemory or WriteProcessMemory request was completed. (0x12B)
[0401/174810.739:WARNING:pe_image_reader.cc(340)] could not read dos header from C:\Windows\system32\WINTRUST.dll
[0401/174810.739:ERROR:process_memory_win.cc(73)] ReadMemory at 0x7fefce80000 of 64 bytes failed: Only part of a ReadProcessMemory or WriteProcessMemory request was completed. (0x12B)
[0401/174810.739:WARNING:pe_image_reader.cc(340)] could not read dos header from C:\Windows\system32\CRYPT32.dll
[0401/174810.739:ERROR:process_memory_win.cc(73)] ReadMemory at 0x7fefcc80000 of 64 bytes failed: Only part of a ReadProcessMemory or WriteProcessMemory request was completed. (0x12B)
[0401/174810.739:WARNING:pe_image_reader.cc(340)] could not read dos header from C:\Windows\system32\MSASN1.dll
[0401/174810.739:ERROR:process_memory_win.cc(73)] ReadMemory at 0x7fee8e40000 of 64 bytes failed: Only part of a ReadProcessMemory or WriteProcessMemory request was completed. (0x12B)
[0401/174810.739:WARNING:pe_image_reader.cc(340)] could not read dos header from C:\Windows\system32\DWrite.dll
[0401/174810.739:ERROR:process_memory_win.cc(73)] ReadMemory at 0x7feee4f0000 of 64 bytes failed: Only part of a ReadProcessMemory or WriteProcessMemory request was completed. (0x12B)
[0401/174810.739:WARNING:pe_image_reader.cc(340)] could not read dos header from C:\Windows\system32\dxgi.dll
[0401/174810.739:ERROR:process_memory_win.cc(73)] ReadMemory at 0x7fefaf90000 of 64 bytes failed: Only part of a ReadProcessMemory or WriteProcessMemory request was completed. (0x12B)
[0401/174810.739:WARNING:pe_image_reader.cc(340)] could not read dos header from C:\Windows\system32\dwmapi.dll
[0401/174810.739:ERROR:process_memory_win.cc(73)] ReadMemory at 0x7fef1e80000 of 64 bytes failed: Only part of a ReadProcessMemory or WriteProcessMemory request was completed. (0x12B)
[0401/174810.739:WARNING:pe_image_reader.cc(340)] could not read dos header from C:\Windows\system32\WINSPOOL.DRV
[0401/174810.739:ERROR:process_memory_win.cc(73)] ReadMemory at 0x7fef81b0000 of 64 bytes failed: Only part of a ReadProcessMemory or WriteProcessMemory request was completed. (0x12B)
[0401/174810.740:WARNING:pe_image_reader.cc(340)] could not read dos header from C:\Windows\system32\dbghelp.dll
[0401/174810.740:ERROR:process_memory_win.cc(73)] ReadMemory at 0x7fefe710000 of 64 bytes failed: Only part of a ReadProcessMemory or WriteProcessMemory request was completed. (0x12B)
[0401/174810.740:WARNING:pe_image_reader.cc(340)] could not read dos header from C:\Windows\system32\COMDLG32.dll
[0401/174810.740:ERROR:process_memory_win.cc(73)] ReadMemory at 0x7fefb5a0000 of 64 bytes failed: Only part of a ReadProcessMemory or WriteProcessMemory request was completed. (0x12B)
[0401/174810.740:WARNING:pe_image_reader.cc(340)] could not read dos header from C:\Windows\WinSxS\amd64_microsoft.windows.common-controls_6595b64144ccf1df_6.0.7601.17514_none_fa396087175ac9ac\COMCTL32.dll
[0401/174810.740:ERROR:process_memory_win.cc(73)] ReadMemory at 0x7fefa780000 of 64 bytes failed: Only part of a ReadProcessMemory or WriteProcessMemory request was completed. (0x12B)
[0401/174810.740:WARNING:pe_image_reader.cc(340)] could not read dos header from C:\Windows\system32\WINHTTP.dll
[0401/174810.740:ERROR:process_memory_win.cc(73)] ReadMemory at 0x7fefa710000 of 64 bytes failed: Only part of a ReadProcessMemory or WriteProcessMemory request was completed. (0x12B)
[0401/174810.740:WARNING:pe_image_reader.cc(340)] could not read dos header from C:\Windows\system32\webio.dll
[0401/174810.740:ERROR:process_memory_win.cc(73)] ReadMemory at 0x7fefd310000 of 64 bytes failed: Only part of a ReadProcessMemory or WriteProcessMemory request was completed. (0x12B)
[0401/174810.740:WARNING:pe_image_reader.cc(340)] could not read dos header from C:\Windows\system32\urlmon.dll
[0401/174810.740:ERROR:process_memory_win.cc(73)] ReadMemory at 0x7fefccd0000 of 64 bytes failed: Only part of a ReadProcessMemory or WriteProcessMemory request was completed. (0x12B)
[0401/174810.740:WARNING:pe_image_reader.cc(340)] could not read dos header from C:\Windows\system32\XmlLite.dll
[0401/174810.740:ERROR:process_memory_win.cc(73)] ReadMemory at 0x7fefe990000 of 64 bytes failed: Only part of a ReadProcessMemory or WriteProcessMemory request was completed. (0x12B)
[0401/174810.740:WARNING:pe_image_reader.cc(340)] could not read dos header from C:\Windows\system32\WININET.dll
[0401/174810.740:ERROR:process_memory_win.cc(73)] ReadMemory at 0x7fefd5b0000 of 64 bytes failed: Only part of a ReadProcessMemory or WriteProcessMemory request was completed. (0x12B)
[0401/174810.740:WARNING:pe_image_reader.cc(340)] could not read dos header from C:\Windows\system32\iertutil.dll
[0401/174810.740:ERROR:process_memory_win.cc(73)] ReadMemory at 0x7fefc9e0000 of 64 bytes failed: Only part of a ReadProcessMemory or WriteProcessMemory request was completed. (0x12B)
[0401/174810.740:WARNING:pe_image_reader.cc(340)] could not read dos header from C:\Windows\system32\Secur32.dll
[0401/174810.740:ERROR:process_memory_win.cc(73)] ReadMemory at 0x7fefca40000 of 64 bytes failed: Only part of a ReadProcessMemory or WriteProcessMemory request was completed. (0x12B)
[0401/174810.740:WARNING:pe_image_reader.cc(340)] could not read dos header from C:\Windows\system32\SSPICLI.DLL
[0401/174810.740:ERROR:process_memory_win.cc(73)] ReadMemory at 0x7fef8bf0000 of 64 bytes failed: Only part of a ReadProcessMemory or WriteProcessMemory request was completed. (0x12B)
[0401/174810.740:WARNING:pe_image_reader.cc(340)] could not read dos header from C:\Windows\system32\dhcpcsvc.DLL
[0401/174810.740:ERROR:process_memory_win.cc(73)] ReadMemory at 0x7fefcb10000 of 64 bytes failed: Only part of a ReadProcessMemory or WriteProcessMemory request was completed. (0x12B)
[0401/174810.740:WARNING:pe_image_reader.cc(340)] could not read dos header from C:\Windows\system32\cryptbase.dll
[0401/174810.751:ERROR:process_memory_win.cc(73)] ReadMemory at 0x3ec000 of 81920 bytes failed: Only part of a ReadProcessMemory or WriteProcessMemory request was completed. (0x12B)
[0401/174810.751:ERROR:process_memory_win.cc(73)] ReadMemory at 0x2fed000 of 12288 bytes failed: Only part of a ReadProcessMemory or WriteProcessMemory request was completed. (0x12B)
[0401/174810.751:ERROR:process_memory_win.cc(73)] ReadMemory at 0x36a7000 of 36864 bytes failed: Only part of a ReadProcessMemory or WriteProcessMemory request was completed. (0x12B)
[0401/174810.751:ERROR:process_memory_win.cc(73)] ReadMemory at 0x3a2e000 of 8192 bytes failed: Only part of a ReadProcessMemory or WriteProcessMemory request was completed. (0x12B)
[0401/174810.751:ERROR:process_memory_win.cc(73)] ReadMemory at 0x3d6e000 of 8192 bytes failed: Only part of a ReadProcessMemory or WriteProcessMemory request was completed. (0x12B)
[0401/174810.751:ERROR:process_memory_win.cc(73)] ReadMemory at 0x3fac000 of 16384 bytes failed: Only part of a ReadProcessMemory or WriteProcessMemory request was completed. (0x12B)
[0401/174810.751:ERROR:process_memory_win.cc(73)] ReadMemory at 0x432f000 of 4096 bytes failed: Only part of a ReadProcessMemory or WriteProcessMemory request was completed. (0x12B)
[0401/174810.752:ERROR:process_memory_win.cc(73)] ReadMemory at 0x46ae000 of 8192 bytes failed: Only part of a ReadProcessMemory or WriteProcessMemory request was completed. (0x12B)
[0401/174810.752:ERROR:process_memory_win.cc(73)] ReadMemory at 0x493e000 of 8192 bytes failed: Only part of a ReadProcessMemory or WriteProcessMemory request was completed. (0x12B)
[0401/174810.752:ERROR:process_memory_win.cc(73)] ReadMemory at 0x4e3c000 of 16384 bytes failed: Only part of a ReadProcessMemory or WriteProcessMemory request was completed. (0x12B)
[0401/174810.752:ERROR:process_memory_win.cc(73)] ReadMemory at 0x5169000 of 94208 bytes failed: Only part of a ReadProcessMemory or WriteProcessMemory request was completed. (0x12B)
[0401/174810.752:ERROR:process_memory_win.cc(73)] ReadMemory at 0x53e9000 of 94208 bytes failed: Only part of a ReadProcessMemory or WriteProcessMemory request was completed. (0x12B)
[0401/174810.752:ERROR:process_memory_win.cc(73)] ReadMemory at 0x55e9000 of 94208 bytes failed: Only part of a ReadProcessMemory or WriteProcessMemory request was completed. (0x12B)
[0401/174810.752:ERROR:process_memory_win.cc(73)] ReadMemory at 0x885e000 of 8192 bytes failed: Only part of a ReadProcessMemory or WriteProcessMemory request was completed. (0x12B)
[0401/174810.752:ERROR:process_memory_win.cc(73)] ReadMemory at 0x67bc000 of 16384 bytes failed: Only part of a ReadProcessMemory or WriteProcessMemory request was completed. (0x12B)
[0401/174810.752:ERROR:process_memory_win.cc(73)] ReadMemory at 0x8abe000 of 8192 bytes failed: Only part of a ReadProcessMemory or WriteProcessMemory request was completed. (0x12B)
[0401/174810.752:ERROR:process_memory_win.cc(73)] ReadMemory at 0x40000 of 384 bytes failed: Only part of a ReadProcessMemory or WriteProcessMemory request was completed. (0x12B)
[0401/174810.752:ERROR:process_memory_win.cc(73)] ReadMemory at 0x491320 of 20898 bytes failed: Only part of a ReadProcessMemory or WriteProcessMemory request was completed. (0x12B)
[0401/174810.752:ERROR:process_memory_win.cc(73)] ReadMemory at 0x4964d0 of 1012 bytes failed: Only part of a ReadProcessMemory or WriteProcessMemory request was completed. (0x12B)
[0401/174810.829:ERROR:process_memory_win.cc(73)] ReadMemory at 0x496ad8 of 2352 bytes failed: Only part of a ReadProcessMemory or WriteProcessMemory request was completed. (0x12B)
[0401/174810.829:ERROR:process_memory_win.cc(73)] ReadMemory at 0x49740a of 118 bytes failed: Only part of a ReadProcessMemory or WriteProcessMemory request was completed. (0x12B)
[0401/174810.829:ERROR:process_memory_win.cc(73)] ReadMemory at 0x497482 of 1036 bytes failed: Only part of a ReadProcessMemory or WriteProcessMemory request was completed. (0x12B)
[0401/174810.829:ERROR:process_memory_win.cc(73)] ReadMemory at 0x497890 of 118 bytes failed: Only part of a ReadProcessMemory or WriteProcessMemory request was completed. (0x12B)
[0401/174810.829:ERROR:process_memory_win.cc(73)] ReadMemory at 0x497908 of 96 bytes failed: Only part of a ReadProcessMemory or WriteProcessMemory request was completed. (0x12B)
[0401/174810.829:ERROR:process_memory_win.cc(73)] ReadMemory at 0x497980 of 58 bytes failed: Only part of a ReadProcessMemory or WriteProcessMemory request was completed. (0x12B)
[0401/174810.829:ERROR:process_memory_win.cc(73)] ReadMemory at 0x497a10 of 132 bytes failed: Only part of a ReadProcessMemory or WriteProcessMemory request was completed. (0x12B)
[0401/174810.829:ERROR:process_memory_win.cc(73)] ReadMemory at 0x497b00 of 132 bytes failed: Only part of a ReadProcessMemory or WriteProcessMemory request was completed. (0x12B)
[0401/174810.829:ERROR:process_memory_win.cc(73)] ReadMemory at 0x497c18 of 124 bytes failed: Only part of a ReadProcessMemory or WriteProcessMemory request was completed. (0x12B)
[0401/174810.829:ERROR:process_memory_win.cc(73)] ReadMemory at 0x497f00 of 132 bytes failed: Only part of a ReadProcessMemory or WriteProcessMemory request was completed. (0x12B)
[0401/174810.829:ERROR:process_memory_win.cc(73)] ReadMemory at 0x497ff0 of 132 bytes failed: Only part of a ReadProcessMemory or WriteProcessMemory request was completed. (0x12B)
[0401/174810.991:ERROR:process_memory_win.cc(73)] ReadMemory at 0x4982c0 of 64 bytes failed: Only part of a ReadProcessMemory or WriteProcessMemory request was completed. (0x12B)
[0401/174811.178:ERROR:process_memory_win.cc(73)] ReadMemory at 0x498340 of 68 bytes failed: Only part of a ReadProcessMemory or WriteProcessMemory request was completed. (0x12B)
[0401/174811.178:ERROR:process_memory_win.cc(73)] ReadMemory at 0x4d8fc0 of 62 bytes failed: Only part of a ReadProcessMemory or WriteProcessMemory request was completed. (0x12B)
[0401/174811.178:ERROR:process_memory_win.cc(73)] ReadMemory at 0x4d9010 of 60 bytes failed: Only part of a ReadProcessMemory or WriteProcessMemory request was completed. (0x12B)
[0401/174811.178:ERROR:process_memory_win.cc(73)] ReadMemory at 0x4d90b0 of 62 bytes failed: Only part of a ReadProcessMemory or WriteProcessMemory request was completed. (0x12B)
[0401/174811.275:ERROR:process_memory_win.cc(73)] ReadMemory at 0x4d9100 of 62 bytes failed: Only part of a ReadProcessMemory or WriteProcessMemory request was completed. (0x12B)
[0401/174811.646:ERROR:process_memory_win.cc(73)] ReadMemory at 0x4d9150 of 58 bytes failed: Only part of a ReadProcessMemory or WriteProcessMemory request was completed. (0x12B)
[0401/174811.821:ERROR:process_memory_win.cc(73)] ReadMemory at 0x4d91a0 of 60 bytes failed: Only part of a ReadProcessMemory or WriteProcessMemory request was completed. (0x12B)
[0401/174812.009:ERROR:process_memory_win.cc(73)] ReadMemory at 0x4d91f0 of 58 bytes failed: Only part of a ReadProcessMemory or WriteProcessMemory request was completed. (0x12B)
[0401/174812.110:ERROR:process_memory_win.cc(73)] ReadMemory at 0x4d9240 of 64 bytes failed: Only part of a ReadProcessMemory or WriteProcessMemory request was completed. (0x12B)
[0401/174812.308:ERROR:process_memory_win.cc(73)] ReadMemory at 0x4d9290 of 62 bytes failed: Only part of a ReadProcessMemory or WriteProcessMemory request was completed. (0x12B)
[0401/174812.308:ERROR:process_memory_win.cc(73)] ReadMemory at 0x4d92e0 of 60 bytes failed: Only part of a ReadProcessMemory or WriteProcessMemory request was completed. (0x12B)
[0401/174812.418:ERROR:process_memory_win.cc(73)] ReadMemory at 0x4d9330 of 58 bytes failed: Only part of a ReadProcessMemory or WriteProcessMemory request was completed. (0x12B)
[0401/174812.418:ERROR:process_memory_win.cc(73)] ReadMemory at 0x4d9380 of 62 bytes failed: Only part of a ReadProcessMemory or WriteProcessMemory request was completed. (0x12B)
[0401/174812.629:ERROR:process_memory_win.cc(73)] ReadMemory at 0x4d93d0 of 62 bytes failed: Only part of a ReadProcessMemory or WriteProcessMemory request was completed. (0x12B)
[0401/174812.629:ERROR:process_memory_win.cc(73)] ReadMemory at 0x4d9420 of 60 bytes failed: Only part of a ReadProcessMemory or WriteProcessMemory request was completed. (0x12B)
[0401/174812.629:ERROR:process_memory_win.cc(73)] ReadMemory at 0x4d9470 of 58 bytes failed: Only part of a ReadProcessMemory or WriteProcessMemory request was completed. (0x12B)
[0401/174812.629:ERROR:process_memory_win.cc(73)] ReadMemory at 0x4d94c0 of 58 bytes failed: Only part of a ReadProcessMemory or WriteProcessMemory request was completed. (0x12B)
[0401/174812.629:ERROR:process_memory_win.cc(73)] ReadMemory at 0x4d9510 of 64 bytes failed: Only part of a ReadProcessMemory or WriteProcessMemory request was completed. (0x12B)
[0401/174812.788:ERROR:process_memory_win.cc(73)] ReadMemory at 0x4d9560 of 60 bytes failed: Only part of a ReadProcessMemory or WriteProcessMemory request was completed. (0x12B)
[0401/174812.789:ERROR:process_memory_win.cc(73)] ReadMemory at 0x4d95b0 of 58 bytes failed: Only part of a ReadProcessMemory or WriteProcessMemory request was completed. (0x12B)
[0401/174812.813:ERROR:process_memory_win.cc(73)] ReadMemory at 0x4d9600 of 64 bytes failed: Only part of a ReadProcessMemory or WriteProcessMemory request was completed. (0x12B)
[0401/174812.813:ERROR:process_memory_win.cc(73)] ReadMemory at 0x4d9650 of 60 bytes failed: Only part of a ReadProcessMemory or WriteProcessMemory request was completed. (0x12B)
[0401/174812.813:ERROR:process_memory_win.cc(73)] ReadMemory at 0x4d96a0 of 64 bytes failed: Only part of a ReadProcessMemory or WriteProcessMemory request was completed. (0x12B)
[0401/174813.042:ERROR:process_memory_win.cc(73)] ReadMemory at 0x4d96f0 of 62 bytes failed: Only part of a ReadProcessMemory or WriteProcessMemory request was completed. (0x12B)
[0401/174813.042:ERROR:process_memory_win.cc(73)] ReadMemory at 0x4d9740 of 60 bytes failed: Only part of a ReadProcessMemory or WriteProcessMemory request was completed. (0x12B)
[0401/174813.042:ERROR:process_memory_win.cc(73)] ReadMemory at 0x4d9790 of 60 bytes failed: Only part of a ReadProcessMemory or WriteProcessMemory request was completed. (0x12B)
[0401/174813.042:ERROR:process_memory_win.cc(73)] ReadMemory at 0x4d97e0 of 56 bytes failed: Only part of a ReadProcessMemory or WriteProcessMemory request was completed. (0x12B)
[0401/174813.221:ERROR:process_memory_win.cc(73)] ReadMemory at 0x4d9830 of 60 bytes failed: Only part of a ReadProcessMemory or WriteProcessMemory request was completed. (0x12B)
[0401/174813.221:ERROR:process_memory_win.cc(73)] ReadMemory at 0x4d9880 of 64 bytes failed: Only part of a ReadProcessMemory or WriteProcessMemory request was completed. (0x12B)
[0401/174813.221:ERROR:process_memory_win.cc(73)] ReadMemory at 0x4d98d0 of 62 bytes failed: Only part of a ReadProcessMemory or WriteProcessMemory request was completed. (0x12B)
[0401/174813.221:ERROR:process_memory_win.cc(73)] ReadMemory at 0x4d9920 of 64 bytes failed: Only part of a ReadProcessMemory or WriteProcessMemory request was completed. (0x12B)
[0401/174813.264:ERROR:process_memory_win.cc(73)] ReadMemory at 0x4d9970 of 62 bytes failed: Only part of a ReadProcessMemory or WriteProcessMemory request was completed. (0x12B)
[0401/174813.350:ERROR:process_memory_win.cc(73)] ReadMemory at 0x4d99c0 of 58 bytes failed: Only part of a ReadProcessMemory or WriteProcessMemory request was completed. (0x12B)
[0401/174813.427:ERROR:process_memory_win.cc(73)] ReadMemory at 0x4d9e30 of 54 bytes failed: Only part of a ReadProcessMemory or WriteProcessMemory request was completed. (0x12B)
[0401/174813.427:ERROR:process_memory_win.cc(73)] ReadMemory at 0x4daf70 of 132 bytes failed: Only part of a ReadProcessMemory or WriteProcessMemory request was completed. (0x12B)
[0401/174813.586:ERROR:process_memory_win.cc(73)] ReadMemory at 0x4db170 of 152 bytes failed: Only part of a ReadProcessMemory or WriteProcessMemory request was completed. (0x12B)
[0401/174813.726:ERROR:process_memory_win.cc(73)] ReadMemory at 0x4db220 of 132 bytes failed: Only part of a ReadProcessMemory or WriteProcessMemory request was completed. (0x12B)
[0401/174813.727:ERROR:process_memory_win.cc(73)] ReadMemory at 0x4dc090 of 132 bytes failed: Only part of a ReadProcessMemory or WriteProcessMemory request was completed. (0x12B)
[0401/174813.991:ERROR:process_memory_win.cc(73)] ReadMemory at 0x4dc180 of 132 bytes failed: Only part of a ReadProcessMemory or WriteProcessMemory request was completed. (0x12B)
[0401/174813.991:ERROR:process_memory_win.cc(73)] ReadMemory at 0x4dc270 of 132 bytes failed: Only part of a ReadProcessMemory or WriteProcessMemory request was completed. (0x12B)
[0401/174814.082:ERROR:process_memory_win.cc(73)] ReadMemory at 0x4dc360 of 132 bytes failed: Only part of a ReadProcessMemory or WriteProcessMemory request was completed. (0x12B)
[0401/174814.082:ERROR:process_memory_win.cc(73)] ReadMemory at 0x4dc450 of 132 bytes failed: Only part of a ReadProcessMemory or WriteProcessMemory request was completed. (0x12B)
[0401/174814.082:ERROR:process_memory_win.cc(73)] ReadMemory at 0x4dc540 of 132 bytes failed: Only part of a ReadProcessMemory or WriteProcessMemory request was completed. (0x12B)
[0401/174814.121:ERROR:process_memory_win.cc(73)] ReadMemory at 0x4dc630 of 132 bytes failed: Only part of a ReadProcessMemory or WriteProcessMemory request was completed. (0x12B)
[0401/174814.122:ERROR:process_memory_win.cc(73)] ReadMemory at 0x4dc720 of 132 bytes failed: Only part of a ReadProcessMemory or WriteProcessMemory request was completed. (0x12B)
[0401/174814.183:ERROR:process_memory_win.cc(73)] ReadMemory at 0x4dc810 of 132 bytes failed: Only part of a ReadProcessMemory or WriteProcessMemory request was completed. (0x12B)
[0401/174814.184:ERROR:process_memory_win.cc(73)] ReadMemory at 0x4dc900 of 132 bytes failed: Only part of a ReadProcessMemory or WriteProcessMemory request was completed. (0x12B)
[0401/174814.184:ERROR:process_memory_win.cc(73)] ReadMemory at 0x4dc9f0 of 132 bytes failed: Only part of a ReadProcessMemory or WriteProcessMemory request was completed. (0x12B)
[0401/174814.184:ERROR:process_memory_win.cc(73)] ReadMemory at 0x4dcae0 of 132 bytes failed: Only part of a ReadProcessMemory or WriteProcessMemory request was completed. (0x12B)
[0401/174814.184:ERROR:process_memory_win.cc(73)] ReadMemory at 0x4dcbd0 of 132 bytes failed: Only part of a ReadProcessMemory or WriteProcessMemory request was completed. (0x12B)
[0401/174814.184:ERROR:process_memory_win.cc(73)] ReadMemory at 0x4dccc0 of 132 bytes failed: Only part of a ReadProcessMemory or WriteProcessMemory request was completed. (0x12B)
[0401/174814.184:ERROR:process_memory_win.cc(73)] ReadMemory at 0x4dcdb0 of 132 bytes failed: Only part of a ReadProcessMemory or WriteProcessMemory request was completed. (0x12B)
[0401/174814.184:ERROR:process_memory_win.cc(73)] ReadMemory at 0x4dcea0 of 132 bytes failed: Only part of a ReadProcessMemory or WriteProcessMemory request was completed. (0x12B)
[0401/174814.184:ERROR:process_memory_win.cc(73)] ReadMemory at 0x4dcf90 of 132 bytes failed: Only part of a ReadProcessMemory or WriteProcessMemory request was completed. (0x12B)
[0401/174814.184:ERROR:process_memory_win.cc(73)] ReadMemory at 0x4dd080 of 132 bytes failed: Only part of a ReadProcessMemory or WriteProcessMemory request was completed. (0x12B)
[0401/174814.184:ERROR:process_memory_win.cc(73)] ReadMemory at 0x4dd170 of 132 bytes failed: Only part of a ReadProcessMemory or WriteProcessMemory request was completed. (0x12B)
[0401/174814.248:ERROR:process_memory_win.cc(73)] ReadMemory at 0x4dd260 of 132 bytes failed: Only part of a ReadProcessMemory or WriteProcessMemory request was completed. (0x12B)
[0401/174814.248:ERROR:process_memory_win.cc(73)] ReadMemory at 0x4dd350 of 132 bytes failed: Only part of a ReadProcessMemory or WriteProcessMemory request was completed. (0x12B)
[0401/174814.249:ERROR:process_memory_win.cc(73)] ReadMemory at 0x4dd440 of 132 bytes failed: Only part of a ReadProcessMemory or WriteProcessMemory request was completed. (0x12B)
[0401/174814.249:ERROR:process_memory_win.cc(73)] ReadMemory at 0x4dd530 of 132 bytes failed: Only part of a ReadProcessMemory or WriteProcessMemory request was completed. (0x12B)
[0401/174814.249:ERROR:process_memory_win.cc(73)] ReadMemory at 0x4dd620 of 132 bytes failed: Only part of a ReadProcessMemory or WriteProcessMemory request was completed. (0x12B)
[0401/174814.400:ERROR:process_memory_win.cc(73)] ReadMemory at 0x4dd710 of 132 bytes failed: Only part of a ReadProcessMemory or WriteProcessMemory request was completed. (0x12B)
[0401/174814.400:ERROR:process_memory_win.cc(73)] ReadMemory at 0x4dd800 of 132 bytes failed: Only part of a ReadProcessMemory or WriteProcessMemory request was completed. (0x12B)
[0401/174814.400:ERROR:process_memory_win.cc(73)] ReadMemory at 0x4dd8f0 of 132 bytes failed: Only part of a ReadProcessMemory or WriteProcessMemory request was completed. (0x12B)
[0401/174814.400:ERROR:process_memory_win.cc(73)] ReadMemory at 0x4dd9e0 of 132 bytes failed: Only part of a ReadProcessMemory or WriteProcessMemory request was completed. (0x12B)
[0401/174814.400:ERROR:process_memory_win.cc(73)] ReadMemory at 0x4ddad0 of 132 bytes failed: Only part of a ReadProcessMemory or WriteProcessMemory request was completed. (0x12B)
[0401/174814.400:ERROR:process_memory_win.cc(73)] ReadMemory at 0x4ddbc0 of 132 bytes failed: Only part of a ReadProcessMemory or WriteProcessMemory request was completed. (0x12B)
[0401/174814.400:ERROR:process_memory_win.cc(73)] ReadMemory at 0x4ddcb0 of 132 bytes failed: Only part of a ReadProcessMemory or WriteProcessMemory request was completed. (0x12B)
[0401/174814.400:ERROR:process_memory_win.cc(73)] ReadMemory at 0x4ddda0 of 132 bytes failed: Only part of a ReadProcessMemory or WriteProcessMemory request was completed. (0x12B)
[0401/174814.400:ERROR:process_memory_win.cc(73)] ReadMemory at 0x4dde90 of 132 bytes failed: Only part of a ReadProcessMemory or WriteProcessMemory request was completed. (0x12B)
[0401/174814.474:ERROR:process_memory_win.cc(73)] ReadMemory at 0x4e21f0 of 132 bytes failed: Only part of a ReadProcessMemory or WriteProcessMemory request was completed. (0x12B)
[0401/174814.547:ERROR:process_memory_win.cc(73)] ReadMemory at 0x4e2ae0 of 132 bytes failed: Only part of a ReadProcessMemory or WriteProcessMemory request was completed. (0x12B)
[0401/174814.632:ERROR:process_memory_win.cc(73)] ReadMemory at 0x4e2bd0 of 132 bytes failed: Only part of a ReadProcessMemory or WriteProcessMemory request was completed. (0x12B)
[0401/174814.632:ERROR:process_memory_win.cc(73)] ReadMemory at 0x4e2cc0 of 132 bytes failed: Only part of a ReadProcessMemory or WriteProcessMemory request was completed. (0x12B)
[0401/174814.632:ERROR:process_memory_win.cc(73)] ReadMemory at 0x4e2db0 of 132 bytes failed: Only part of a ReadProcessMemory or WriteProcessMemory request was completed. (0x12B)
[0401/174814.632:ERROR:process_memory_win.cc(73)] ReadMemory at 0x4e2ea0 of 132 bytes failed: Only part of a ReadProcessMemory or WriteProcessMemory request was completed. (0x12B)
[0401/174814.632:ERROR:process_memory_win.cc(73)] ReadMemory at 0x4e2f90 of 132 bytes failed: Only part of a ReadProcessMemory or WriteProcessMemory request was completed. (0x12B)
[0401/174814.760:ERROR:process_memory_win.cc(73)] ReadMemory at 0x4e3080 of 132 bytes failed: Only part of a ReadProcessMemory or WriteProcessMemory request was completed. (0x12B)
[0401/174814.760:ERROR:process_memory_win.cc(73)] ReadMemory at 0x4e39f0 of 104 bytes failed: Only part of a ReadProcessMemory or WriteProcessMemory request was completed. (0x12B)
[0401/174814.760:ERROR:process_memory_win.cc(73)] ReadMemory at 0x4e3ba0 of 132 bytes failed: Only part of a ReadProcessMemory or WriteProcessMemory request was completed. (0x12B)
[0401/174814.793:ERROR:process_memory_win.cc(73)] ReadMemory at 0x4ea1c0 of 54 bytes failed: Only part of a ReadProcessMemory or WriteProcessMemory request was completed. (0x12B)
[0401/174814.922:ERROR:process_memory_win.cc(73)] ReadMemory at 0x4ec850 of 156 bytes failed: Only part of a ReadProcessMemory or WriteProcessMemory request was completed. (0x12B)
[0401/174815.060:ERROR:process_memory_win.cc(73)] ReadMemory at 0x4ee440 of 248 bytes failed: Only part of a ReadProcessMemory or WriteProcessMemory request was completed. (0x12B)
[0401/174815.060:ERROR:process_memory_win.cc(73)] ReadMemory at 0x4ee580 of 60 bytes failed: Only part of a ReadProcessMemory or WriteProcessMemory request was completed. (0x12B)
[0401/174815.106:ERROR:process_memory_win.cc(73)] ReadMemory at 0x4ee5d0 of 62 bytes failed: Only part of a ReadProcessMemory or WriteProcessMemory request was completed. (0x12B)
[0401/174815.106:ERROR:process_memory_win.cc(73)] ReadMemory at 0x4ee620 of 62 bytes failed: Only part of a ReadProcessMemory or WriteProcessMemory request was completed. (0x12B)
[0401/174815.106:ERROR:process_memory_win.cc(73)] ReadMemory at 0x4ee670 of 64 bytes failed: Only part of a ReadProcessMemory or WriteProcessMemory request was completed. (0x12B)
[0401/174815.132:ERROR:process_memory_win.cc(73)] ReadMemory at 0x4ee6c0 of 62 bytes failed: Only part of a ReadProcessMemory or WriteProcessMemory request was completed. (0x12B)
[0401/174815.133:ERROR:process_memory_win.cc(73)] ReadMemory at 0x4ee710 of 62 bytes failed: Only part of a ReadProcessMemory or WriteProcessMemory request was completed. (0x12B)
[0401/174815.177:ERROR:process_memory_win.cc(73)] ReadMemory at 0x4ee760 of 64 bytes failed: Only part of a ReadProcessMemory or WriteProcessMemory request was completed. (0x12B)
[0401/174815.196:ERROR:process_memory_win.cc(73)] ReadMemory at 0x4f03b0 of 132 bytes failed: Only part of a ReadProcessMemory or WriteProcessMemory request was completed. (0x12B)
[0401/174815.196:ERROR:process_memory_win.cc(73)] ReadMemory at 0x50ea80 of 512 bytes failed: Only part of a ReadProcessMemory or WriteProcessMemory request was completed. (0x12B)
[0401/174815.196:ERROR:process_memory_win.cc(73)] ReadMemory at 0x510f50 of 512 bytes failed: Only part of a ReadProcessMemory or WriteProcessMemory request was completed. (0x12B)
[0401/174815.196:ERROR:process_memory_win.cc(73)] ReadMemory at 0x7260f0 of 512 bytes failed: Only part of a ReadProcessMemory or WriteProcessMemory request was completed. (0x12B)
[0401/174815.196:ERROR:process_memory_win.cc(73)] ReadMemory at 0xbe0000 of 384 bytes failed: Only part of a ReadProcessMemory or WriteProcessMemory request was completed. (0x12B)
[0401/174815.196:ERROR:process_memory_win.cc(73)] ReadMemory at 0xbe3e38 of 512 bytes failed: Only part of a ReadProcessMemory or WriteProcessMemory request was completed. (0x12B)
[0401/174815.214:ERROR:process_memory_win.cc(73)] ReadMemory at 0xbeb1e0 of 512 bytes failed: Only part of a ReadProcessMemory or WriteProcessMemory request was completed. (0x12B)
[0401/174815.214:ERROR:process_memory_win.cc(73)] ReadMemory at 0xf00378 of 512 bytes failed: Only part of a ReadProcessMemory or WriteProcessMemory request was completed. (0x12B)
[0401/174815.252:ERROR:process_memory_win.cc(73)] ReadMemory at 0xf022d0 of 512 bytes failed: Only part of a ReadProcessMemory or WriteProcessMemory request was completed. (0x12B)
[0401/174815.252:ERROR:process_memory_win.cc(73)] ReadMemory at 0xf02bf0 of 512 bytes failed: Only part of a ReadProcessMemory or WriteProcessMemory request was completed. (0x12B)
[0401/174815.299:ERROR:process_memory_win.cc(73)] ReadMemory at 0xf0d700 of 512 bytes failed: Only part of a ReadProcessMemory or WriteProcessMemory request was completed. (0x12B)
[0401/174815.299:ERROR:process_memory_win.cc(73)] ReadMemory at 0xf18cf0 of 528 bytes failed: Only part of a ReadProcessMemory or WriteProcessMemory request was completed. (0x12B)
[0401/174815.406:ERROR:process_memory_win.cc(73)] ReadMemory at 0xf1b4f0 of 512 bytes failed: Only part of a ReadProcessMemory or WriteProcessMemory request was completed. (0x12B)
[0401/174815.481:ERROR:process_memory_win.cc(73)] ReadMemory at 0xf1d590 of 696 bytes failed: Only part of a ReadProcessMemory or WriteProcessMemory request was completed. (0x12B)
[0401/174815.481:ERROR:process_memory_win.cc(73)] ReadMemory at 0xf22fa0 of 512 bytes failed: Only part of a ReadProcessMemory or WriteProcessMemory request was completed. (0x12B)
[0401/174815.481:ERROR:process_memory_win.cc(73)] ReadMemory at 0xf262e0 of 512 bytes failed: Only part of a ReadProcessMemory or WriteProcessMemory request was completed. (0x12B)
[0401/174815.508:ERROR:process_memory_win.cc(73)] ReadMemory at 0xf310c0 of 528 bytes failed: Only part of a ReadProcessMemory or WriteProcessMemory request was completed. (0x12B)
[0401/174815.509:ERROR:process_memory_win.cc(73)] ReadMemory at 0x494e900 of 832 bytes failed: Only part of a ReadProcessMemory or WriteProcessMemory request was completed. (0x12B)
[0401/174815.555:ERROR:process_memory_win.cc(73)] ReadMemory at 0x92aa520 of 512 bytes failed: Only part of a ReadProcessMemory or WriteProcessMemory request was completed. (0x12B)
[0401/174815.632:ERROR:process_memory_win.cc(73)] ReadMemory at 0x948e8e0 of 512 bytes failed: Only part of a ReadProcessMemory or WriteProcessMemory request was completed. (0x12B)
[0401/174815.632:ERROR:process_memory_win.cc(73)] ReadMemory at 0x9a22960 of 528 bytes failed: Only part of a ReadProcessMemory or WriteProcessMemory request was completed. (0x12B)
[0401/174815.632:ERROR:process_memory_win.cc(73)] ReadMemory at 0xcbca6d0 of 576 bytes failed: Only part of a ReadProcessMemory or WriteProcessMemory request was completed. (0x12B)
[0401/174815.655:ERROR:process_memory_win.cc(73)] ReadMemory at 0xd205c70 of 512 bytes failed: Only part of a ReadProcessMemory or WriteProcessMemory request was completed. (0x12B)
[0401/174815.655:ERROR:process_memory_win.cc(73)] ReadMemory at 0xe772f70 of 512 bytes failed: Only part of a ReadProcessMemory or WriteProcessMemory request was completed. (0x12B)
[0401/174815.655:ERROR:process_memory_win.cc(73)] ReadMemory at 0x76cfae40 of 512 bytes failed: Only part of a ReadProcessMemory or WriteProcessMemory request was completed. (0x12B)
[0401/174815.655:ERROR:process_memory_win.cc(73)] ReadMemory at 0x76cffb40 of 512 bytes failed: Only part of a ReadProcessMemory or WriteProcessMemory request was completed. (0x12B)
[0401/174815.655:ERROR:process_memory_win.cc(73)] ReadMemory at 0x76d07fd0 of 512 bytes failed: Only part of a ReadProcessMemory or WriteProcessMemory request was completed. (0x12B)
[0401/174815.720:ERROR:process_memory_win.cc(73)] ReadMemory at 0x76d312da of 592 bytes failed: Only part of a ReadProcessMemory or WriteProcessMemory request was completed. (0x12B)
[0401/174815.720:ERROR:process_memory_win.cc(73)] ReadMemory at 0x76d3184a of 512 bytes failed: Only part of a ReadProcessMemory or WriteProcessMemory request was completed. (0x12B)
[0401/174815.720:ERROR:process_memory_win.cc(73)] ReadMemory at 0x76d32b8a of 528 bytes failed: Only part of a ReadProcessMemory or WriteProcessMemory request was completed. (0x12B)
[0401/174815.756:ERROR:process_memory_win.cc(73)] ReadMemory at 0x76d331ce of 512 bytes failed: Only part of a ReadProcessMemory or WriteProcessMemory request was completed. (0x12B)
[0401/174815.796:ERROR:process_memory_win.cc(73)] ReadMemory at 0x76de4460 of 816 bytes failed: Only part of a ReadProcessMemory or WriteProcessMemory request was completed. (0x12B)
[0401/174815.907:ERROR:process_memory_win.cc(73)] ReadMemory at 0x76df53f8 of 18 bytes failed: Only part of a ReadProcessMemory or WriteProcessMemory request was completed. (0x12B)
[0401/174816.005:ERROR:process_memory_win.cc(73)] ReadMemory at 0x76e12640 of 64 bytes failed: Only part of a ReadProcessMemory or WriteProcessMemory request was completed. (0x12B)
[0401/174816.005:ERROR:process_memory_win.cc(73)] ReadMemory at 0x76e17100 of 48 bytes failed: Only part of a ReadProcessMemory or WriteProcessMemory request was completed. (0x12B)
[0401/174816.049:ERROR:process_memory_win.cc(73)] ReadMemory at 0x76e17490 of 40 bytes failed: Only part of a ReadProcessMemory or WriteProcessMemory request was completed. (0x12B)
[0401/174816.049:ERROR:process_memory_win.cc(73)] ReadMemory at 0x7fed2175b86 of 512 bytes failed: Only part of a ReadProcessMemory or WriteProcessMemory request was completed. (0x12B)
[0401/174816.049:ERROR:process_memory_win.cc(73)] ReadMemory at 0x7fed6c5ca84 of 512 bytes failed: Only part of a ReadProcessMemory or WriteProcessMemory request was completed. (0x12B)
[0401/174816.076:ERROR:process_memory_win.cc(73)] ReadMemory at 0x7fee3d2e6ee of 512 bytes failed: Only part of a ReadProcessMemory or WriteProcessMemory request was completed. (0x12B)
[0401/174816.076:ERROR:process_memory_win.cc(73)] ReadMemory at 0x7fee3d2f823 of 512 bytes failed: Only part of a ReadProcessMemory or WriteProcessMemory request was completed. (0x12B)
[0401/174816.076:ERROR:process_memory_win.cc(73)] ReadMemory at 0x7fffff98000 of 6024 bytes failed: Only part of a ReadProcessMemory or WriteProcessMemory request was completed. (0x12B)
[0401/174816.076:ERROR:process_memory_win.cc(73)] ReadMemory at 0x7fffff9e000 of 6024 bytes failed: Only part of a ReadProcessMemory or WriteProcessMemory request was completed. (0x12B)
[0401/174816.076:ERROR:process_memory_win.cc(73)] ReadMemory at 0x7fffffa0000 of 6024 bytes failed: Only part of a ReadProcessMemory or WriteProcessMemory request was completed. (0x12B)
[0401/174816.076:ERROR:process_memory_win.cc(73)] ReadMemory at 0x7fffffa2000 of 6024 bytes failed: Only part of a ReadProcessMemory or WriteProcessMemory request was completed. (0x12B)
[0401/174816.076:ERROR:process_memory_win.cc(73)] ReadMemory at 0x7fffffa4000 of 6024 bytes failed: Only part of a ReadProcessMemory or WriteProcessMemory request was completed. (0x12B)
[0401/174816.076:ERROR:process_memory_win.cc(73)] ReadMemory at 0x7fffffa6000 of 6024 bytes failed: Only part of a ReadProcessMemory or WriteProcessMemory request was completed. (0x12B)
[0401/174816.077:ERROR:process_memory_win.cc(73)] ReadMemory at 0x7fffffa8000 of 6024 bytes failed: Only part of a ReadProcessMemory or WriteProcessMemory request was completed. (0x12B)
[0401/174816.077:ERROR:process_memory_win.cc(73)] ReadMemory at 0x7fffffaa000 of 6024 bytes failed: Only part of a ReadProcessMemory or WriteProcessMemory request was completed. (0x12B)
[0401/174816.077:ERROR:process_memory_win.cc(73)] ReadMemory at 0x7fffffac000 of 6024 bytes failed: Only part of a ReadProcessMemory or WriteProcessMemory request was completed. (0x12B)
[0401/174816.077:ERROR:process_memory_win.cc(73)] ReadMemory at 0x7fffffae000 of 6024 bytes failed: Only part of a ReadProcessMemory or WriteProcessMemory request was completed. (0x12B)
[0401/174816.077:ERROR:process_memory_win.cc(73)] ReadMemory at 0x7fffffd3000 of 6024 bytes failed: Only part of a ReadProcessMemory or WriteProcessMemory request was completed. (0x12B)
[0401/174816.077:ERROR:process_memory_win.cc(73)] ReadMemory at 0x7fffffd5000 of 6024 bytes failed: Only part of a ReadProcessMemory or WriteProcessMemory request was completed. (0x12B)
[0401/174816.077:ERROR:process_memory_win.cc(73)] ReadMemory at 0x7fffffd7000 of 6024 bytes failed: Only part of a ReadProcessMemory or WriteProcessMemory request was completed. (0x12B)
[0401/174816.077:ERROR:process_memory_win.cc(73)] ReadMemory at 0x7fffffd9000 of 6024 bytes failed: Only part of a ReadProcessMemory or WriteProcessMemory request was completed. (0x12B)
[0401/174816.077:ERROR:process_memory_win.cc(73)] ReadMemory at 0x7fffffdb000 of 6024 bytes failed: Only part of a ReadProcessMemory or WriteProcessMemory request was completed. (0x12B)
[0401/174816.077:ERROR:process_memory_win.cc(73)] ReadMemory at 0x7fffffdd000 of 6024 bytes failed: Only part of a ReadProcessMemory or WriteProcessMemory request was completed. (0x12B)
[0401/174816.077:ERROR:process_memory_win.cc(73)] ReadMemory at 0x7fffffdf000 of 852 bytes failed: Only part of a ReadProcessMemory or WriteProcessMemory request was completed. (0x12B)
[0401/174816.117:ERROR:scoped_process_suspend.cc(40)] NtResumeProcess: An attempt was made to access an exiting process. (0xc000010a)
[0401/174842.692:ERROR:http_transport_win.cc(276)] WinHttpSendRequest: The operation completed successfully. (0x0)
